<?xml version="1.0" encoding="utf-8"?><testsuite errors="0" failures="0" name="pytest" skips="3" tests="8" time="0.140"><testcase classname="tests.test_artist" file="tests/test_artist.py" line="8" name="test_artist_add_remove_song" time="0.0008630752563476562"><skipped message="Changing how songs are stored." type="pytest.skip">tests/test_artist.py:8: Changing how songs are stored.</skipped></testcase><testcase classname="tests.test_artist" file="tests/test_artist.py" line="21" name="test_artist_add_duplicate_song" time="0.0005133152008056641"><skipped message="Changing how songs are stored." type="pytest.skip">tests/test_artist.py:21: Changing how songs are stored.</skipped></testcase><testcase classname="tests.test_band" file="tests/test_band.py" line="3" name="test_song_default" time="0.0009775161743164062"></testcase><testcase classname="tests.test_band" file="tests/test_band.py" line="9" name="test_band_default" time="0.002685070037841797"><skipped message="expected test failure">Changing __songs objects.</skipped></testcase><testcase classname="tests.test_user" file="tests/test_user.py" line="2" name="test_user_defaults" time="0.0008223056793212891"></testcase><testcase classname="tests.test_user" file="tests/test_user.py" line="9" name="test_user_username" time="0.0007205009460449219"></testcase><testcase classname="tests.test_user" file="tests/test_user.py" line="17" name="test_user_password" time="0.0010306835174560547"></testcase><testcase classname="tests.test_user" file="tests/test_user.py" line="25" name="test_user_credits" time="0.001046895980834961"></testcase></testsuite>